<?xml version="1.0" encoding="UTF-8"?>
<!-- Generated by org.testng.reporters.JUnitReportReporter -->
<testsuite hostname="ASK" failures="0" tests="1" name="com.TestLayer.TestClass" time="1.451" errors="0" timestamp="2024-04-12T16:43:22 IST" skipped="0">
  <testcase classname="com.TestLayer.TestClass" name="validateLoginPageFunctinality" time="1.451"/>
  <system-out/>
</testsuite> <!-- com.TestLayer.TestClass -->
