<?xml version="1.0" encoding="UTF-8"?>
<!-- Generated by org.testng.reporters.JUnitReportReporter -->
<testsuite hostname="ASK" failures="0" tests="2" name="com.TestLayer.TestClass" time="1.513" errors="0" timestamp="2024-04-13T06:57:35 IST" skipped="0">
  <testcase classname="com.TestLayer.TestClass" name="firstTesterProgram" time="0.006"/>
  <system-out/>
  <testcase classname="com.TestLayer.TestClass" name="validateLoginPageFunctinality" time="1.507"/>
  <system-out/>
</testsuite> <!-- com.TestLayer.TestClass -->
