<?xml version="1.0" encoding="UTF-8"?>
<!-- Generated by org.testng.reporters.JUnitReportReporter -->
<testsuite hostname="ASK" failures="0" tests="3" name="com.TestLayer.TestClass" time="1.396" errors="0" timestamp="2024-04-13T07:10:48 IST" skipped="0">
  <testcase classname="com.TestLayer.TestClass" name="secondTesterProgram" time="0.005"/>
  <system-out/>
  <testcase classname="com.TestLayer.TestClass" name="validateLoginPageFunctinality" time="1.377"/>
  <system-out/>
  <testcase classname="com.TestLayer.TestClass" name="firstTesterProgram" time="0.014"/>
  <system-out/>
</testsuite> <!-- com.TestLayer.TestClass -->
